<?xml version="1.0" encoding="UTF-8"?>
<testng-results ignored="0" total="4" passed="3" failed="1" skipped="0">
  <reporter-output>
  </reporter-output>
  <suite started-at="2024-10-30T20:18:47 EDT" name="Master Suite" finished-at="2024-10-30T20:20:54 EDT" duration-ms="126735">
    <groups>
      <group name="Master">
        <method signature="TC001_LoginTest.verify_login()[pri:0, instance:testcases.TC001_LoginTest@7516e4e5]" name="verify_login" class="testcases.TC001_LoginTest"/>
      </group> <!-- Master -->
      <group name="Sanity">
        <method signature="TC001_LoginTest.verify_login()[pri:0, instance:testcases.TC001_LoginTest@7516e4e5]" name="verify_login" class="testcases.TC001_LoginTest"/>
      </group> <!-- Sanity -->
      <group name="Regression">
        <method signature="TC001_LoginTest.verify_login()[pri:0, instance:testcases.TC001_LoginTest@7516e4e5]" name="verify_login" class="testcases.TC001_LoginTest"/>
      </group> <!-- Regression -->
      <group name="Datadriven">
        <method signature="TC002_LoginDDT.verify_logoutDDT(java.lang.String,java.lang.String,java.lang.String)[pri:0, instance:testcases.TC002_LoginDDT@62f4ff3b]" name="verify_logoutDDT" class="testcases.TC002_LoginDDT"/>
      </group> <!-- Datadriven -->
    </groups>
    <test started-at="2024-10-30T20:18:47 EDT" name="Test" finished-at="2024-10-30T20:20:54 EDT" duration-ms="126735">
      <class name="testcases.TC001_LoginTest">
        <test-method is-config="true" signature="setup(java.lang.String,java.lang.String)[pri:0, instance:testcases.TC001_LoginTest@7516e4e5]" started-at="2024-10-30T20:18:47 EDT" name="setup" finished-at="2024-10-30T20:18:58 EDT" duration-ms="11033" status="PASS">
          <params>
            <param index="0">
              <value>
                <![CDATA[mac]]>
              </value>
            </param>
            <param index="1">
              <value>
                <![CDATA[Chrome]]>
              </value>
            </param>
          </params>
          <reporter-output>
          </reporter-output>
        </test-method> <!-- setup -->
        <test-method signature="verify_login()[pri:0, instance:testcases.TC001_LoginTest@7516e4e5]" started-at="2024-10-30T20:18:58 EDT" name="verify_login" finished-at="2024-10-30T20:19:11 EDT" duration-ms="13274" status="PASS">
          <reporter-output>
          </reporter-output>
        </test-method> <!-- verify_login -->
        <test-method is-config="true" signature="tearDown()[pri:0, instance:testcases.TC001_LoginTest@7516e4e5]" started-at="2024-10-30T20:19:11 EDT" name="tearDown" finished-at="2024-10-30T20:19:11 EDT" duration-ms="104" status="PASS">
          <reporter-output>
          </reporter-output>
        </test-method> <!-- tearDown -->
      </class> <!-- testcases.TC001_LoginTest -->
      <class name="testcases.TC002_LoginDDT">
        <test-method is-config="true" signature="setup(java.lang.String,java.lang.String)[pri:0, instance:testcases.TC002_LoginDDT@62f4ff3b]" started-at="2024-10-30T20:19:12 EDT" name="setup" finished-at="2024-10-30T20:19:24 EDT" duration-ms="12206" status="PASS">
          <params>
            <param index="0">
              <value>
                <![CDATA[mac]]>
              </value>
            </param>
            <param index="1">
              <value>
                <![CDATA[Chrome]]>
              </value>
            </param>
          </params>
          <reporter-output>
          </reporter-output>
        </test-method> <!-- setup -->
        <test-method signature="verify_logoutDDT(java.lang.String,java.lang.String,java.lang.String)[pri:0, instance:testcases.TC002_LoginDDT@62f4ff3b]" started-at="2024-10-30T20:19:24 EDT" name="verify_logoutDDT" data-provider="LoginData" finished-at="2024-10-30T20:19:41 EDT" duration-ms="17235" status="PASS">
          <params>
            <param index="0">
              <value>
                <![CDATA[xyz@brandm3dia.com]]>
              </value>
            </param>
            <param index="1">
              <value>
                <![CDATA[brandm3dia]]>
              </value>
            </param>
            <param index="2">
              <value>
                <![CDATA[invalid]]>
              </value>
            </param>
          </params>
          <reporter-output>
          </reporter-output>
        </test-method> <!-- verify_logoutDDT -->
        <test-method is-config="true" signature="tearDown()[pri:0, instance:testcases.TC002_LoginDDT@62f4ff3b]" started-at="2024-10-30T20:19:41 EDT" name="tearDown" finished-at="2024-10-30T20:19:41 EDT" duration-ms="91" status="PASS">
          <reporter-output>
          </reporter-output>
        </test-method> <!-- tearDown -->
        <test-method is-config="true" signature="setup(java.lang.String,java.lang.String)[pri:0, instance:testcases.TC002_LoginDDT@62f4ff3b]" started-at="2024-10-30T20:19:41 EDT" name="setup" finished-at="2024-10-30T20:19:53 EDT" duration-ms="11946" status="PASS">
          <params>
            <param index="0">
              <value>
                <![CDATA[mac]]>
              </value>
            </param>
            <param index="1">
              <value>
                <![CDATA[Chrome]]>
              </value>
            </param>
          </params>
          <reporter-output>
          </reporter-output>
        </test-method> <!-- setup -->
        <test-method signature="verify_logoutDDT(java.lang.String,java.lang.String,java.lang.String)[pri:0, instance:testcases.TC002_LoginDDT@62f4ff3b]" started-at="2024-10-30T20:19:53 EDT" name="verify_logoutDDT" data-provider="LoginData" finished-at="2024-10-30T20:20:11 EDT" duration-ms="17745" status="PASS">
          <params>
            <param index="0">
              <value>
                <![CDATA[admin@brandm3dia.com]]>
              </value>
            </param>
            <param index="1">
              <value>
                <![CDATA[brandm2dia]]>
              </value>
            </param>
            <param index="2">
              <value>
                <![CDATA[invalid]]>
              </value>
            </param>
          </params>
          <reporter-output>
          </reporter-output>
        </test-method> <!-- verify_logoutDDT -->
        <test-method is-config="true" signature="tearDown()[pri:0, instance:testcases.TC002_LoginDDT@62f4ff3b]" started-at="2024-10-30T20:20:11 EDT" name="tearDown" finished-at="2024-10-30T20:20:11 EDT" duration-ms="101" status="PASS">
          <reporter-output>
          </reporter-output>
        </test-method> <!-- tearDown -->
        <test-method is-config="true" signature="setup(java.lang.String,java.lang.String)[pri:0, instance:testcases.TC002_LoginDDT@62f4ff3b]" started-at="2024-10-30T20:20:11 EDT" name="setup" finished-at="2024-10-30T20:20:21 EDT" duration-ms="9738" status="PASS">
          <params>
            <param index="0">
              <value>
                <![CDATA[mac]]>
              </value>
            </param>
            <param index="1">
              <value>
                <![CDATA[Chrome]]>
              </value>
            </param>
          </params>
          <reporter-output>
          </reporter-output>
        </test-method> <!-- setup -->
        <test-method signature="verify_logoutDDT(java.lang.String,java.lang.String,java.lang.String)[pri:0, instance:testcases.TC002_LoginDDT@62f4ff3b]" started-at="2024-10-30T20:20:21 EDT" name="verify_logoutDDT" data-provider="LoginData" finished-at="2024-10-30T20:20:53 EDT" duration-ms="32470" status="FAIL">
          <params>
            <param index="0">
              <value>
                <![CDATA[admin@brandm3dia.com]]>
              </value>
            </param>
            <param index="1">
              <value>
                <![CDATA[brandm3dia]]>
              </value>
            </param>
            <param index="2">
              <value>
                <![CDATA[valid ]]>
              </value>
            </param>
          </params>
          <exception class="org.openqa.selenium.TimeoutException">
            <message>
              <![CDATA[Expected condition failed: waiting for visibility of Proxy element for: DefaultElementLocator 'By.xpath: //input[@id='input-31']' (tried for 10 second(s) with 500 milliseconds interval)]]>
            </message>
            <full-stacktrace>
              <![CDATA[org.openqa.selenium.TimeoutException: Expected condition failed: waiting for visibility of Proxy element for: DefaultElementLocator 'By.xpath: //input[@id='input-31']' (tried for 10 second(s) with 500 milliseconds interval)
at org.openqa.selenium.support.ui.WebDriverWait.timeoutException(WebDriverWait.java:84)
at org.openqa.selenium.support.ui.FluentWait.until(FluentWait.java:228)
at pageObjects.LoginPage.clearFields(LoginPage.java:55)
at testcases.TC002_LoginDDT.verify_logoutDDT(TC002_LoginDDT.java:62)
at java.base/jdk.internal.reflect.DirectMethodHandleAccessor.invoke(DirectMethodHandleAccessor.java:103)
at java.base/java.lang.reflect.Method.invoke(Method.java:580)
at org.testng.internal.invokers.MethodInvocationHelper.invokeMethod(MethodInvocationHelper.java:141)
at org.testng.internal.invokers.TestInvoker.invokeMethod(TestInvoker.java:686)
at org.testng.internal.invokers.TestInvoker.invokeTestMethod(TestInvoker.java:230)
at org.testng.internal.invokers.MethodRunner.runInSequence(MethodRunner.java:63)
at org.testng.internal.invokers.TestInvoker$MethodInvocationAgent.invoke(TestInvoker.java:992)
at org.testng.internal.invokers.TestInvoker.invokeTestMethods(TestInvoker.java:203)
at org.testng.internal.invokers.TestMethodWorker.invokeTestMethods(TestMethodWorker.java:154)
at org.testng.internal.invokers.TestMethodWorker.run(TestMethodWorker.java:134)
at java.base/java.util.ArrayList.forEach(ArrayList.java:1597)
at org.testng.TestRunner.privateRun(TestRunner.java:739)
at org.testng.TestRunner.run(TestRunner.java:614)
at org.testng.SuiteRunner.runTest(SuiteRunner.java:421)
at org.testng.SuiteRunner.runSequentially(SuiteRunner.java:413)
at org.testng.SuiteRunner.privateRun(SuiteRunner.java:373)
at org.testng.SuiteRunner.run(SuiteRunner.java:312)
at org.testng.SuiteRunnerWorker.runSuite(SuiteRunnerWorker.java:52)
at org.testng.SuiteRunnerWorker.run(SuiteRunnerWorker.java:95)
at org.testng.TestNG.runSuitesSequentially(TestNG.java:1274)
at org.testng.TestNG.runSuitesLocally(TestNG.java:1208)
at org.testng.TestNG.runSuites(TestNG.java:1112)
at org.testng.TestNG.run(TestNG.java:1079)
at org.testng.remote.AbstractRemoteTestNG.run(AbstractRemoteTestNG.java:115)
at org.testng.remote.RemoteTestNG.initAndRun(RemoteTestNG.java:293)
at org.testng.remote.RemoteTestNG.main(RemoteTestNG.java:91)
Caused by: org.openqa.selenium.NoSuchElementException: no such element: Unable to locate element: {"method":"xpath","selector":"//input[@id='input-31']"}
  (Session info: chrome=130.0.6723.70)
For documentation on this error, please visit: https://www.selenium.dev/documentation/webdriver/troubleshooting/errors#no-such-element-exception
Build info: version: '4.25.0', revision: '8a8aea2337'
System info: os.name: 'Mac OS X', os.arch: 'aarch64', os.version: '15.1', java.version: '23'
Driver info: org.openqa.selenium.chrome.ChromeDriver
Command: [b05a3d336ada27065b969ec0eee11f37, findElement {value=//input[@id='input-31'], using=xpath}]
Capabilities {acceptInsecureCerts: false, browserName: chrome, browserVersion: 130.0.6723.70, chrome: {chromedriverVersion: 130.0.6723.91 (53ac07678369..., userDataDir: /var/folders/pz/5rnj8wd97tz...}, fedcm:accounts: true, goog:chromeOptions: {debuggerAddress: localhost:52161}, networkConnectionEnabled: false, pageLoadStrategy: normal, platformName: mac, proxy: Proxy(), se:cdp: ws://localhost:52161/devtoo..., se:cdpVersion: 130.0.6723.70, setWindowRect: true, strictFileInteractability: false, timeouts: {implicit: 0, pageLoad: 300000, script: 30000}, unhandledPromptBehavior: dismiss and notify, webauthn:extension:credBlob: true, webauthn:extension:largeBlob: true, webauthn:extension:minPinLength: true, webauthn:extension:prf: true, webauthn:virtualAuthenticators: true}
Session ID: b05a3d336ada27065b969ec0eee11f37
at java.base/jdk.internal.reflect.DirectConstructorHandleAccessor.newInstance(DirectConstructorHandleAccessor.java:62)
at java.base/java.lang.reflect.Constructor.newInstanceWithCaller(Constructor.java:501)
at java.base/java.lang.reflect.Constructor.newInstance(Constructor.java:485)
at org.openqa.selenium.remote.ErrorCodec.decode(ErrorCodec.java:167)
at org.openqa.selenium.remote.codec.w3c.W3CHttpResponseCodec.decode(W3CHttpResponseCodec.java:138)
at org.openqa.selenium.remote.codec.w3c.W3CHttpResponseCodec.decode(W3CHttpResponseCodec.java:50)
at org.openqa.selenium.remote.HttpCommandExecutor.execute(HttpCommandExecutor.java:190)
at org.openqa.selenium.remote.service.DriverCommandExecutor.invokeExecute(DriverCommandExecutor.java:216)
at org.openqa.selenium.remote.service.DriverCommandExecutor.execute(DriverCommandExecutor.java:174)
at org.openqa.selenium.remote.RemoteWebDriver.execute(RemoteWebDriver.java:545)
at org.openqa.selenium.remote.ElementLocation$ElementFinder$2.findElement(ElementLocation.java:165)
at org.openqa.selenium.remote.ElementLocation.findElement(ElementLocation.java:59)
at org.openqa.selenium.remote.RemoteWebDriver.findElement(RemoteWebDriver.java:368)
at org.openqa.selenium.remote.RemoteWebDriver.findElement(RemoteWebDriver.java:362)
at org.openqa.selenium.support.pagefactory.DefaultElementLocator.findElement(DefaultElementLocator.java:68)
at org.openqa.selenium.support.pagefactory.internal.LocatingElementHandler.invoke(LocatingElementHandler.java:38)
at jdk.proxy2/jdk.proxy2.$Proxy30.isDisplayed(Unknown Source)
at org.openqa.selenium.support.ui.ExpectedConditions.elementIfVisible(ExpectedConditions.java:304)
at org.openqa.selenium.support.ui.ExpectedConditions$10.apply(ExpectedConditions.java:290)
at org.openqa.selenium.support.ui.ExpectedConditions$10.apply(ExpectedConditions.java:287)
at org.openqa.selenium.support.ui.FluentWait.until(FluentWait.java:203)
... 28 more
]]>
            </full-stacktrace>
          </exception> <!-- org.openqa.selenium.TimeoutException -->
          <reporter-output>
          </reporter-output>
        </test-method> <!-- verify_logoutDDT -->
        <test-method is-config="true" signature="tearDown()[pri:0, instance:testcases.TC002_LoginDDT@62f4ff3b]" started-at="2024-10-30T20:20:54 EDT" name="tearDown" finished-at="2024-10-30T20:20:54 EDT" duration-ms="100" status="PASS">
          <reporter-output>
          </reporter-output>
        </test-method> <!-- tearDown -->
      </class> <!-- testcases.TC002_LoginDDT -->
    </test> <!-- Test -->
  </suite> <!-- Master Suite -->
</testng-results>
